2025-11-15 17:00:47,594 - ERROR - CheckViolation('new row for relation "events" violates check constraint "events_transfer_limit_check"\nDETAIL:  Failing row contains (665abfdd-77aa-48e1-ba19-d3326e1f4061, Flute Recital, Ressikan flute performance, 3, 0, 1763244045.3329635, 1763330445.3329651, f, 63).')
Traceback (most recent call last):
  File "C:\Users\Max\AppData\Local\Programs\Python\Python313\Lib\site-packages\starlette\middleware\errors.py", line 164, in __call__
    await self.app(scope, receive, _send)
  File "C:\Users\Max\AppData\Local\Programs\Python\Python313\Lib\site-packages\starlette\middleware\exceptions.py", line 63, in __call__
    await wrap_app_handling_exceptions(self.app, conn)(scope, receive, send)
  File "C:\Users\Max\AppData\Local\Programs\Python\Python313\Lib\site-packages\starlette\_exception_handler.py", line 53, in wrapped_app
    raise exc
  File "C:\Users\Max\AppData\Local\Programs\Python\Python313\Lib\site-packages\starlette\_exception_handler.py", line 42, in wrapped_app
    await app(scope, receive, sender)
  File "C:\Users\Max\AppData\Local\Programs\Python\Python313\Lib\site-packages\fastapi\middleware\asyncexitstack.py", line 18, in __call__
    await self.app(scope, receive, send)
  File "C:\Users\Max\AppData\Local\Programs\Python\Python313\Lib\site-packages\starlette\routing.py", line 716, in __call__
    await self.middleware_stack(scope, receive, send)
  File "C:\Users\Max\AppData\Local\Programs\Python\Python313\Lib\site-packages\starlette\routing.py", line 736, in app
    await route.handle(scope, receive, send)
  File "C:\Users\Max\AppData\Local\Programs\Python\Python313\Lib\site-packages\starlette\routing.py", line 290, in handle
    await self.app(scope, receive, send)
  File "C:\Users\Max\AppData\Local\Programs\Python\Python313\Lib\site-packages\fastapi\routing.py", line 125, in app
    await wrap_app_handling_exceptions(app, request)(scope, receive, send)
  File "C:\Users\Max\AppData\Local\Programs\Python\Python313\Lib\site-packages\starlette\_exception_handler.py", line 53, in wrapped_app
    raise exc
  File "C:\Users\Max\AppData\Local\Programs\Python\Python313\Lib\site-packages\starlette\_exception_handler.py", line 42, in wrapped_app
    await app(scope, receive, sender)
  File "C:\Users\Max\AppData\Local\Programs\Python\Python313\Lib\site-packages\fastapi\routing.py", line 111, in app
    response = await f(request)
               ^^^^^^^^^^^^^^^^
  File "C:\Users\Max\AppData\Local\Programs\Python\Python313\Lib\site-packages\fastapi\routing.py", line 391, in app
    raw_response = await run_endpoint_function(
                   ^^^^^^^^^^^^^^^^^^^^^^^^^^^^
    ...<3 lines>...
    )
    ^
  File "C:\Users\Max\AppData\Local\Programs\Python\Python313\Lib\site-packages\fastapi\routing.py", line 290, in run_endpoint_function
    return await dependant.call(**values)
           ^^^^^^^^^^^^^^^^^^^^^^^^^^^^^^
  File "C:\Users\Max\Desktop\Projects\Core\ZETA\src\server.py", line 63, in create_event
    return API.create_event(data)
           ~~~~~~~~~~~~~~~~^^^^^^
  File "C:\Users\Max\Desktop\Projects\Core\ZETA\src\app\API\API.py", line 24, in create_event
    response = CreateResponse.generate(request, data.public_key)
  File "C:\Users\Max\Desktop\Projects\Core\ZETA\src\app\API\models\endpoints\create.py", line 43, in generate
    request.event.create(public_key)
    ~~~~~~~~~~~~~~~~~~~~^^^^^^^^^^^^
  File "C:\Users\Max\Desktop\Projects\Core\ZETA\src\app\data\models\event.py", line 141, in create
    event_store.create(self.model_dump(), SKC.key(), owner_public_key)
    ~~~~~~~~~~~~~~~~~~^^^^^^^^^^^^^^^^^^^^^^^^^^^^^^^^^^^^^^^^^^^^^^^^
  File "C:\Users\Max\Desktop\Projects\Core\ZETA\src\app\data\storage\event_store.py", line 112, in create
    cur.execute(
    ~~~~~~~~~~~^
        """
        ^^^
    ...<23 lines>...
        event
        ^^^^^
    )
    ^
  File "C:\Users\Max\AppData\Local\Programs\Python\Python313\Lib\site-packages\psycopg\cursor.py", line 97, in execute
    raise ex.with_traceback(None)
psycopg.errors.CheckViolation: new row for relation "events" violates check constraint "events_transfer_limit_check"
DETAIL:  Failing row contains (665abfdd-77aa-48e1-ba19-d3326e1f4061, Flute Recital, Ressikan flute performance, 3, 0, 1763244045.3329635, 1763330445.3329651, f, 63).
